<?xml version="1.0" encoding="UTF-8"?>
<testExecutions version="1">
  <file path="C:\Users\andre\OneDrive\Escritorio\systemse-backend\src\tests\media.test.js">
    <testCase name="poblacionNormalVarianzaConocida" duration="8"/>
    <testCase name="poblacionNormalVarianzaDesconocida" duration="9"/>
    <testCase name="poblacionCualquieraVarianzaDesconocida" duration="1"/>
    <testCase name="poblacionCualquieraVarianzaConocida" duration="1"/>
  </file>
  <file path="C:\Users\andre\OneDrive\Escritorio\systemse-backend\src\tests\varianza.test.js">
    <testCase name="poblacionNormal" duration="6"/>
  </file>
  <file path="C:\Users\andre\OneDrive\Escritorio\systemse-backend\src\tests\proporcion.test.js">
    <testCase name="poblacionNormal" duration="5"/>
  </file>
</testExecutions>