<?xml version="1.0" encoding="UTF-8"?>
<testExecutions version="1">
  <file path="C:\Users\jeron\OneDrive\Escritorio\systemse\SystemSE-Back\src\tests\proporcion.test.js">
    <testCase name="poblacionNormal" duration="19"/>
    <testCase name="poblacionNegativa" duration="8"/>
    <testCase name="proporcionMayorAUno" duration="1"/>
  </file>
  <file path="C:\Users\jeron\OneDrive\Escritorio\systemse\SystemSE-Back\src\tests\varianza.test.js">
    <testCase name="poblacionNormal" duration="31"/>
    <testCase name="alphaNegativa" duration="9"/>
  </file>
  <file path="C:\Users\jeron\OneDrive\Escritorio\systemse\SystemSE-Back\src\tests\media.test.js">
    <testCase name="poblacionNormalVarianzaConocida" duration="23"/>
    <testCase name="poblacionNormalVarianzaDesconocida" duration="10"/>
    <testCase name="poblacionCualquieraVarianzaDesconocida" duration="3"/>
    <testCase name="poblacionCualquieraVarianzaConocida" duration="2"/>
    <testCase name="poblacionNegativa" duration="2"/>
  </file>
</testExecutions>